The target system is: Generic -  - arm
The host system is: Linux - 6.8.0-51-generic - x86_64
Compiling the C compiler identification source file "CMakeCCompilerId.c" succeeded.
Compiler: /opt/st/stm32cubeclt_1.15.1/GNU-tools-for-STM32/bin/arm-none-eabi-gcc 
Build flags: ;-mcpu=cortex-m4;-mfpu=fpv4-sp-d16;-mfloat-abi=hard;;-Wall;-Wextra;-Wpedantic;-fdata-sections;-ffunction-sections;-Os;-g0;-mcpu=cortex-m4;-mfpu=fpv4-sp-d16;-mfloat-abi=hard;;-Wall;-Wextra;-Wpedantic;-fdata-sections;-ffunction-sections;-Os;-g0;-mcpu=cortex-m4;-mfpu=fpv4-sp-d16;-mfloat-abi=hard;;-Wall;-Wextra;-Wpedantic;-fdata-sections;-ffunction-sections;-Os;-g0
Id flags: -c 

The output was:
0


Compilation of the C compiler identification source "CMakeCCompilerId.c" produced "CMakeCCompilerId.o"

The C compiler identification is GNU, found in "/home/david/Firmware Dev/Encoder_SPI/build/Release/CMakeFiles/3.22.1/CompilerIdC/CMakeCCompilerId.o"

Checking whether the ASM compiler is GNU using "--version" matched "(GNU assembler)|(GCC)|(Free Software Foundation)":
arm-none-eabi-gcc (GNU Tools for STM32 12.3.rel1.20240306-1730) 12.3.1 20230626
Copyright (C) 2022 Free Software Foundation, Inc.
This is free software; see the source for copying conditions.  There is NO
warranty; not even for MERCHANTABILITY or FITNESS FOR A PARTICULAR PURPOSE.

Compiling the CXX compiler identification source file "CMakeCXXCompilerId.cpp" succeeded.
Compiler: /opt/st/stm32cubeclt_1.15.1/GNU-tools-for-STM32/bin/arm-none-eabi-g++ 
Build flags: ;-mcpu=cortex-m4;-mfpu=fpv4-sp-d16;-mfloat-abi=hard;;-Wall;-Wextra;-Wpedantic;-fdata-sections;-ffunction-sections;-Os;-g0;-mcpu=cortex-m4;-mfpu=fpv4-sp-d16;-mfloat-abi=hard;;-Wall;-Wextra;-Wpedantic;-fdata-sections;-ffunction-sections;-Os;-g0;-mcpu=cortex-m4;-mfpu=fpv4-sp-d16;-mfloat-abi=hard;;-Wall;-Wextra;-Wpedantic;-fdata-sections;-ffunction-sections;-Os;-g0;-fno-rtti;-fno-exceptions;-fno-threadsafe-statics
Id flags: -c 

The output was:
0


Compilation of the CXX compiler identification source "CMakeCXXCompilerId.cpp" produced "CMakeCXXCompilerId.o"

The CXX compiler identification is GNU, found in "/home/david/Firmware Dev/Encoder_SPI/build/Release/CMakeFiles/3.22.1/CompilerIdCXX/CMakeCXXCompilerId.o"

